0 info it worked if it ends with ok
1 verbose cli [ '/usr/bin/node', '/usr/bin/npm', 'i', 'delay' ]
2 info using npm@3.5.2
3 info using node@v8.10.0
4 silly loadCurrentTree Starting
5 silly install loadCurrentTree
6 silly install readLocalPackageData
7 silly fetchPackageMetaData delay
8 silly fetchNamedPackageData delay
9 silly mapToRegistry name delay
10 silly mapToRegistry using default registry
11 silly mapToRegistry registry https://registry.npmjs.org/
12 silly mapToRegistry uri https://registry.npmjs.org/delay
13 verbose request uri https://registry.npmjs.org/delay
14 verbose request no auth needed
15 info attempt registry request try #1 at 10:21:47 PM
16 verbose request id edddfb4216162343
17 verbose etag W/"4825433f959efe2b9e77ffb16a000332"
18 verbose lastModified Wed, 10 Oct 2018 08:58:01 GMT
19 http request GET https://registry.npmjs.org/delay
20 http 304 https://registry.npmjs.org/delay
21 verbose headers { date: 'Fri, 28 Dec 2018 15:21:47 GMT',
21 verbose headers   connection: 'keep-alive',
21 verbose headers   'set-cookie':
21 verbose headers    [ '__cfduid=dd91feef394da20f3d1ec6bac76733cf01546010507; expires=Sat, 28-Dec-19 15:21:47 GMT; path=/; domain=.registry.npmjs.org; HttpOnly' ],
21 verbose headers   'cf-cache-status': 'HIT',
21 verbose headers   'cache-control': 'max-age=300',
21 verbose headers   'cf-ray': '490504c84bb162e9-BKK',
21 verbose headers   etag: '"4825433f959efe2b9e77ffb16a000332"',
21 verbose headers   'expect-ct': 'max-age=604800, report-uri="https://report-uri.cloudflare.com/cdn-cgi/beacon/expect-ct"',
21 verbose headers   'last-modified': 'Wed, 10 Oct 2018 08:58:01 GMT',
21 verbose headers   vary: 'accept-encoding, accept',
21 verbose headers   'x-amz-meta-rev': '30-39c12179ec6ad9fc24a0e8744abaa589',
21 verbose headers   server: 'cloudflare' }
22 silly get cb [ 304,
22 silly get   { date: 'Fri, 28 Dec 2018 15:21:47 GMT',
22 silly get     connection: 'keep-alive',
22 silly get     'set-cookie':
22 silly get      [ '__cfduid=dd91feef394da20f3d1ec6bac76733cf01546010507; expires=Sat, 28-Dec-19 15:21:47 GMT; path=/; domain=.registry.npmjs.org; HttpOnly' ],
22 silly get     'cf-cache-status': 'HIT',
22 silly get     'cache-control': 'max-age=300',
22 silly get     'cf-ray': '490504c84bb162e9-BKK',
22 silly get     etag: '"4825433f959efe2b9e77ffb16a000332"',
22 silly get     'expect-ct': 'max-age=604800, report-uri="https://report-uri.cloudflare.com/cdn-cgi/beacon/expect-ct"',
22 silly get     'last-modified': 'Wed, 10 Oct 2018 08:58:01 GMT',
22 silly get     vary: 'accept-encoding, accept',
22 silly get     'x-amz-meta-rev': '30-39c12179ec6ad9fc24a0e8744abaa589',
22 silly get     server: 'cloudflare' } ]
23 verbose etag https://registry.npmjs.org/delay from cache
24 verbose get saving delay to /home/flovenna/.npm/registry.npmjs.org/delay/.cache.json
25 silly install normalizeTree
26 silly loadCurrentTree Finishing
27 silly loadIdealTree Starting
28 silly install loadIdealTree
29 silly cloneCurrentTree Starting
30 silly install cloneCurrentTreeToIdealTree
31 silly cloneCurrentTree Finishing
32 silly loadShrinkwrap Starting
33 silly install loadShrinkwrap
34 silly loadShrinkwrap Finishing
35 silly loadAllDepsIntoIdealTree Starting
36 silly install loadAllDepsIntoIdealTree
37 silly resolveWithNewModule delay@4.1.0 checking installable status
38 silly cache add args [ 'delay', null ]
39 verbose cache add spec delay
40 silly cache add parsed spec Result {
40 silly cache add   raw: 'delay',
40 silly cache add   scope: null,
40 silly cache add   name: 'delay',
40 silly cache add   rawSpec: '',
40 silly cache add   spec: 'latest',
40 silly cache add   type: 'tag' }
41 silly addNamed delay@latest
42 verbose addNamed "latest" is being treated as a dist-tag for delay
43 info addNameTag [ 'delay', 'latest' ]
44 silly mapToRegistry name delay
45 silly mapToRegistry using default registry
46 silly mapToRegistry registry https://registry.npmjs.org/
47 silly mapToRegistry uri https://registry.npmjs.org/delay
48 verbose addNameTag registry:https://registry.npmjs.org/delay not in flight; fetching
49 verbose get https://registry.npmjs.org/delay not expired, no request
50 silly addNameTag next cb for delay with tag latest
51 silly addNamed delay@4.1.0
52 verbose addNamed "4.1.0" is a plain semver version for delay
53 silly cache afterAdd delay@4.1.0
54 verbose afterAdd /home/flovenna/.npm/delay/4.1.0/package/package.json not in flight; writing
55 verbose afterAdd /home/flovenna/.npm/delay/4.1.0/package/package.json written
56 silly loadAllDepsIntoIdealTree Finishing
57 silly idealTree:prePrune web@0.0.0
57 silly idealTree:prePrune ├── @line/bot-sdk@6.4.0
57 silly idealTree:prePrune ├── @types/body-parser@1.17.0
57 silly idealTree:prePrune ├── @types/connect@3.4.32
57 silly idealTree:prePrune ├── @types/file-type@5.2.2
57 silly idealTree:prePrune ├── @types/node@7.10.2
57 silly idealTree:prePrune ├── accepts@1.3.5
57 silly idealTree:prePrune ├── acorn-globals@1.0.9
57 silly idealTree:prePrune ├── acorn@2.7.0
57 silly idealTree:prePrune ├── ajv@6.6.2
57 silly idealTree:prePrune ├── align-text@0.1.4
57 silly idealTree:prePrune ├── amdefine@1.0.1
57 silly idealTree:prePrune ├── ansi-regex@3.0.0
57 silly idealTree:prePrune ├── argparse@0.1.16
57 silly idealTree:prePrune ├── array-flatten@1.1.1
57 silly idealTree:prePrune ├── asap@1.0.0
57 silly idealTree:prePrune ├── asn1@0.2.4
57 silly idealTree:prePrune ├── assert-plus@1.0.0
57 silly idealTree:prePrune ├── asynckit@0.4.0
57 silly idealTree:prePrune ├── aws-sign2@0.7.0
57 silly idealTree:prePrune ├── aws4@1.8.0
57 silly idealTree:prePrune ├── axios@0.16.2
57 silly idealTree:prePrune ├── basic-auth@2.0.1
57 silly idealTree:prePrune ├── bcrypt-pbkdf@1.0.2
57 silly idealTree:prePrune ├── body-parser@1.18.3
57 silly idealTree:prePrune ├── bytes@3.0.0
57 silly idealTree:prePrune ├── camelcase@1.2.1
57 silly idealTree:prePrune ├── caseless@0.12.0
57 silly idealTree:prePrune ├── center-align@0.1.3
57 silly idealTree:prePrune ├── character-parser@1.2.1
57 silly idealTree:prePrune ├─┬ clean-css@3.4.28
57 silly idealTree:prePrune │ └── commander@2.8.1
57 silly idealTree:prePrune ├─┬ cliui@2.1.0
57 silly idealTree:prePrune │ └── wordwrap@0.0.2
57 silly idealTree:prePrune ├── combined-stream@1.0.7
57 silly idealTree:prePrune ├── commander@2.6.0
57 silly idealTree:prePrune ├─┬ connect@3.6.6
57 silly idealTree:prePrune │ ├── finalhandler@1.1.0
57 silly idealTree:prePrune │ └── statuses@1.3.1
57 silly idealTree:prePrune ├── constantinople@3.0.2
57 silly idealTree:prePrune ├── content-disposition@0.5.2
57 silly idealTree:prePrune ├── content-type@1.0.4
57 silly idealTree:prePrune ├── cookie-parser@1.4.3
57 silly idealTree:prePrune ├── cookie-signature@1.0.6
57 silly idealTree:prePrune ├── cookie@0.3.1
57 silly idealTree:prePrune ├── core-util-is@1.0.2
57 silly idealTree:prePrune ├─┬ cowsay@1.4.0
57 silly idealTree:prePrune │ └── optimist@0.6.1
57 silly idealTree:prePrune ├── css-parse@1.0.4
57 silly idealTree:prePrune ├── css-stringify@1.0.5
57 silly idealTree:prePrune ├── css@1.0.8
57 silly idealTree:prePrune ├── dashdash@1.14.1
57 silly idealTree:prePrune ├── debug@2.6.9
57 silly idealTree:prePrune ├── decamelize@1.2.0
57 silly idealTree:prePrune ├── delay@4.1.0
57 silly idealTree:prePrune ├── delayed-stream@1.0.0
57 silly idealTree:prePrune ├── depd@1.1.2
57 silly idealTree:prePrune ├── destroy@1.0.4
57 silly idealTree:prePrune ├── ecc-jsbn@0.1.2
57 silly idealTree:prePrune ├── ee-first@1.1.1
57 silly idealTree:prePrune ├── encodeurl@1.0.2
57 silly idealTree:prePrune ├── escape-html@1.0.3
57 silly idealTree:prePrune ├── etag@1.8.1
57 silly idealTree:prePrune ├── event-pipe@0.0.6
57 silly idealTree:prePrune ├── express@4.16.4
57 silly idealTree:prePrune ├── extend@3.0.2
57 silly idealTree:prePrune ├── extsprintf@1.3.0
57 silly idealTree:prePrune ├── fast-deep-equal@2.0.1
57 silly idealTree:prePrune ├── fast-json-stable-stringify@2.0.0
57 silly idealTree:prePrune ├── file-type@7.7.1
57 silly idealTree:prePrune ├── finalhandler@1.1.1
57 silly idealTree:prePrune ├─┬ follow-redirects@1.5.10
57 silly idealTree:prePrune │ └── debug@3.1.0
57 silly idealTree:prePrune ├── forever-agent@0.6.1
57 silly idealTree:prePrune ├── form-data@2.3.3
57 silly idealTree:prePrune ├── forwarded@0.1.2
57 silly idealTree:prePrune ├── fresh@0.5.2
57 silly idealTree:prePrune ├── fs-extra@7.0.1
57 silly idealTree:prePrune ├── get-stdin@5.0.1
57 silly idealTree:prePrune ├── getpass@0.1.7
57 silly idealTree:prePrune ├─┬ glob@3.1.21
57 silly idealTree:prePrune │ ├── graceful-fs@1.2.3
57 silly idealTree:prePrune │ └── inherits@1.0.2
57 silly idealTree:prePrune ├── graceful-fs@4.1.15
57 silly idealTree:prePrune ├── graceful-readlink@1.0.1
57 silly idealTree:prePrune ├── har-schema@2.0.0
57 silly idealTree:prePrune ├── har-validator@5.1.3
57 silly idealTree:prePrune ├── http-errors@1.6.3
57 silly idealTree:prePrune ├── http-signature@1.2.0
57 silly idealTree:prePrune ├── iconv-lite@0.4.23
57 silly idealTree:prePrune ├── inherits@2.0.3
57 silly idealTree:prePrune ├── ini@1.3.5
57 silly idealTree:prePrune ├── ipaddr.js@1.8.0
57 silly idealTree:prePrune ├── is-buffer@1.1.6
57 silly idealTree:prePrune ├── is-fullwidth-code-point@2.0.0
57 silly idealTree:prePrune ├── is-promise@2.1.0
57 silly idealTree:prePrune ├── is-typedarray@1.0.0
57 silly idealTree:prePrune ├── isstream@0.1.2
57 silly idealTree:prePrune ├── jade@1.11.0
57 silly idealTree:prePrune ├── jsbn@0.1.1
57 silly idealTree:prePrune ├── json-schema-traverse@0.4.1
57 silly idealTree:prePrune ├── json-schema@0.2.3
57 silly idealTree:prePrune ├── json-stringify-safe@5.0.1
57 silly idealTree:prePrune ├── jsonfile@4.0.0
57 silly idealTree:prePrune ├── jsprim@1.4.1
57 silly idealTree:prePrune ├── jstransformer@0.0.2
57 silly idealTree:prePrune ├── kind-of@3.2.2
57 silly idealTree:prePrune ├── lazy-cache@1.0.4
57 silly idealTree:prePrune ├── longest@1.0.1
57 silly idealTree:prePrune ├── lru-cache@2.7.3
57 silly idealTree:prePrune ├── media-typer@0.3.0
57 silly idealTree:prePrune ├── merge-descriptors@1.0.1
57 silly idealTree:prePrune ├── methods@1.1.2
57 silly idealTree:prePrune ├── mime-db@1.37.0
57 silly idealTree:prePrune ├── mime-types@2.1.21
57 silly idealTree:prePrune ├── mime@1.4.1
57 silly idealTree:prePrune ├── minimatch@0.2.14
57 silly idealTree:prePrune ├── minimist@0.0.8
57 silly idealTree:prePrune ├── mkdirp@0.5.1
57 silly idealTree:prePrune ├── morgan@1.9.1
57 silly idealTree:prePrune ├── ms@2.0.0
57 silly idealTree:prePrune ├── negotiator@0.6.1
57 silly idealTree:prePrune ├── oauth-sign@0.9.0
57 silly idealTree:prePrune ├── on-finished@2.3.0
57 silly idealTree:prePrune ├── on-headers@1.0.1
57 silly idealTree:prePrune ├── optimist@0.3.7
57 silly idealTree:prePrune ├── options-stream@0.0.8
57 silly idealTree:prePrune ├── parseurl@1.3.2
57 silly idealTree:prePrune ├── path-to-regexp@0.1.7
57 silly idealTree:prePrune ├── performance-now@2.1.0
57 silly idealTree:prePrune ├── promise@6.1.0
57 silly idealTree:prePrune ├── proxy-addr@2.0.4
57 silly idealTree:prePrune ├── psl@1.1.31
57 silly idealTree:prePrune ├── punycode@2.1.1
57 silly idealTree:prePrune ├── qs@6.5.2
57 silly idealTree:prePrune ├── range-parser@1.2.0
57 silly idealTree:prePrune ├── raw-body@2.3.3
57 silly idealTree:prePrune ├── repeat-string@1.6.1
57 silly idealTree:prePrune ├── request@2.88.0
57 silly idealTree:prePrune ├── right-align@0.1.3
57 silly idealTree:prePrune ├── safe-buffer@5.1.2
57 silly idealTree:prePrune ├── safer-buffer@2.1.2
57 silly idealTree:prePrune ├── send@0.16.2
57 silly idealTree:prePrune ├── serve-static@1.13.2
57 silly idealTree:prePrune ├── setprototypeof@1.1.0
57 silly idealTree:prePrune ├── sigmund@1.0.1
57 silly idealTree:prePrune ├── source-map@0.4.4
57 silly idealTree:prePrune ├── sshpk@1.16.0
57 silly idealTree:prePrune ├── statuses@1.4.0
57 silly idealTree:prePrune ├── string-width@2.1.1
57 silly idealTree:prePrune ├── strip-ansi@4.0.0
57 silly idealTree:prePrune ├── strip-eof@1.0.0
57 silly idealTree:prePrune ├─┬ tough-cookie@2.4.3
57 silly idealTree:prePrune │ └── punycode@1.4.1
57 silly idealTree:prePrune ├─┬ transformers@2.1.0
57 silly idealTree:prePrune │ ├── is-promise@1.0.1
57 silly idealTree:prePrune │ ├── promise@2.0.0
57 silly idealTree:prePrune │ ├── source-map@0.1.43
57 silly idealTree:prePrune │ └── uglify-js@2.2.5
57 silly idealTree:prePrune ├── tunnel-agent@0.6.0
57 silly idealTree:prePrune ├── tweetnacl@0.14.5
57 silly idealTree:prePrune ├── type-is@1.6.16
57 silly idealTree:prePrune ├─┬ uglify-js@2.8.29
57 silly idealTree:prePrune │ └── source-map@0.5.7
57 silly idealTree:prePrune ├── uglify-to-browserify@1.0.2
57 silly idealTree:prePrune ├── underscore.string@2.4.0
57 silly idealTree:prePrune ├── underscore@1.7.0
57 silly idealTree:prePrune ├── universalify@0.1.2
57 silly idealTree:prePrune ├── unpipe@1.0.0
57 silly idealTree:prePrune ├── uri-js@4.2.2
57 silly idealTree:prePrune ├── utils-merge@1.0.1
57 silly idealTree:prePrune ├── uuid@3.3.2
57 silly idealTree:prePrune ├── vary@1.1.2
57 silly idealTree:prePrune ├── verror@1.10.0
57 silly idealTree:prePrune ├── void-elements@2.0.1
57 silly idealTree:prePrune ├── webhook@0.0.2
57 silly idealTree:prePrune ├── window-size@0.1.0
57 silly idealTree:prePrune ├─┬ with@4.0.3
57 silly idealTree:prePrune │ └── acorn@1.2.2
57 silly idealTree:prePrune ├── wordwrap@0.0.3
57 silly idealTree:prePrune ├── yamljs@0.1.6
57 silly idealTree:prePrune └── yargs@3.10.0
58 silly loadIdealTree Finishing
59 silly currentTree web@0.0.0
59 silly currentTree ├── @line/bot-sdk@6.4.0
59 silly currentTree ├── @types/body-parser@1.17.0
59 silly currentTree ├── @types/connect@3.4.32
59 silly currentTree ├── @types/file-type@5.2.2
59 silly currentTree ├── @types/node@7.10.2
59 silly currentTree ├── accepts@1.3.5
59 silly currentTree ├── acorn-globals@1.0.9
59 silly currentTree ├── acorn@2.7.0
59 silly currentTree ├── ajv@6.6.2
59 silly currentTree ├── align-text@0.1.4
59 silly currentTree ├── amdefine@1.0.1
59 silly currentTree ├── ansi-regex@3.0.0
59 silly currentTree ├── argparse@0.1.16
59 silly currentTree ├── array-flatten@1.1.1
59 silly currentTree ├── asap@1.0.0
59 silly currentTree ├── asn1@0.2.4
59 silly currentTree ├── assert-plus@1.0.0
59 silly currentTree ├── asynckit@0.4.0
59 silly currentTree ├── aws-sign2@0.7.0
59 silly currentTree ├── aws4@1.8.0
59 silly currentTree ├── axios@0.16.2
59 silly currentTree ├── basic-auth@2.0.1
59 silly currentTree ├── bcrypt-pbkdf@1.0.2
59 silly currentTree ├── body-parser@1.18.3
59 silly currentTree ├── bytes@3.0.0
59 silly currentTree ├── camelcase@1.2.1
59 silly currentTree ├── caseless@0.12.0
59 silly currentTree ├── center-align@0.1.3
59 silly currentTree ├── character-parser@1.2.1
59 silly currentTree ├─┬ clean-css@3.4.28
59 silly currentTree │ └── commander@2.8.1
59 silly currentTree ├─┬ cliui@2.1.0
59 silly currentTree │ └── wordwrap@0.0.2
59 silly currentTree ├── combined-stream@1.0.7
59 silly currentTree ├── commander@2.6.0
59 silly currentTree ├─┬ connect@3.6.6
59 silly currentTree │ ├── finalhandler@1.1.0
59 silly currentTree │ └── statuses@1.3.1
59 silly currentTree ├── constantinople@3.0.2
59 silly currentTree ├── content-disposition@0.5.2
59 silly currentTree ├── content-type@1.0.4
59 silly currentTree ├── cookie-parser@1.4.3
59 silly currentTree ├── cookie-signature@1.0.6
59 silly currentTree ├── cookie@0.3.1
59 silly currentTree ├── core-util-is@1.0.2
59 silly currentTree ├─┬ cowsay@1.4.0
59 silly currentTree │ └── optimist@0.6.1
59 silly currentTree ├── css-parse@1.0.4
59 silly currentTree ├── css-stringify@1.0.5
59 silly currentTree ├── css@1.0.8
59 silly currentTree ├── dashdash@1.14.1
59 silly currentTree ├── debug@2.6.9
59 silly currentTree ├── decamelize@1.2.0
59 silly currentTree ├── delay@4.1.0
59 silly currentTree ├── delayed-stream@1.0.0
59 silly currentTree ├── depd@1.1.2
59 silly currentTree ├── destroy@1.0.4
59 silly currentTree ├── ecc-jsbn@0.1.2
59 silly currentTree ├── ee-first@1.1.1
59 silly currentTree ├── encodeurl@1.0.2
59 silly currentTree ├── escape-html@1.0.3
59 silly currentTree ├── etag@1.8.1
59 silly currentTree ├── event-pipe@0.0.6
59 silly currentTree ├── express@4.16.4
59 silly currentTree ├── extend@3.0.2
59 silly currentTree ├── extsprintf@1.3.0
59 silly currentTree ├── fast-deep-equal@2.0.1
59 silly currentTree ├── fast-json-stable-stringify@2.0.0
59 silly currentTree ├── file-type@7.7.1
59 silly currentTree ├── finalhandler@1.1.1
59 silly currentTree ├─┬ follow-redirects@1.5.10
59 silly currentTree │ └── debug@3.1.0
59 silly currentTree ├── forever-agent@0.6.1
59 silly currentTree ├── form-data@2.3.3
59 silly currentTree ├── forwarded@0.1.2
59 silly currentTree ├── fresh@0.5.2
59 silly currentTree ├── fs-extra@7.0.1
59 silly currentTree ├── get-stdin@5.0.1
59 silly currentTree ├── getpass@0.1.7
59 silly currentTree ├─┬ glob@3.1.21
59 silly currentTree │ ├── graceful-fs@1.2.3
59 silly currentTree │ └── inherits@1.0.2
59 silly currentTree ├── graceful-fs@4.1.15
59 silly currentTree ├── graceful-readlink@1.0.1
59 silly currentTree ├── har-schema@2.0.0
59 silly currentTree ├── har-validator@5.1.3
59 silly currentTree ├── http-errors@1.6.3
59 silly currentTree ├── http-signature@1.2.0
59 silly currentTree ├── iconv-lite@0.4.23
59 silly currentTree ├── inherits@2.0.3
59 silly currentTree ├── ini@1.3.5
59 silly currentTree ├── ipaddr.js@1.8.0
59 silly currentTree ├── is-buffer@1.1.6
59 silly currentTree ├── is-fullwidth-code-point@2.0.0
59 silly currentTree ├── is-promise@2.1.0
59 silly currentTree ├── is-typedarray@1.0.0
59 silly currentTree ├── isstream@0.1.2
59 silly currentTree ├── jade@1.11.0
59 silly currentTree ├── jsbn@0.1.1
59 silly currentTree ├── json-schema-traverse@0.4.1
59 silly currentTree ├── json-schema@0.2.3
59 silly currentTree ├── json-stringify-safe@5.0.1
59 silly currentTree ├── jsonfile@4.0.0
59 silly currentTree ├── jsprim@1.4.1
59 silly currentTree ├── jstransformer@0.0.2
59 silly currentTree ├── kind-of@3.2.2
59 silly currentTree ├── lazy-cache@1.0.4
59 silly currentTree ├── longest@1.0.1
59 silly currentTree ├── lru-cache@2.7.3
59 silly currentTree ├── media-typer@0.3.0
59 silly currentTree ├── merge-descriptors@1.0.1
59 silly currentTree ├── methods@1.1.2
59 silly currentTree ├── mime-db@1.37.0
59 silly currentTree ├── mime-types@2.1.21
59 silly currentTree ├── mime@1.4.1
59 silly currentTree ├── minimatch@0.2.14
59 silly currentTree ├── minimist@0.0.8
59 silly currentTree ├── mkdirp@0.5.1
59 silly currentTree ├── morgan@1.9.1
59 silly currentTree ├── ms@2.0.0
59 silly currentTree ├── negotiator@0.6.1
59 silly currentTree ├── oauth-sign@0.9.0
59 silly currentTree ├── on-finished@2.3.0
59 silly currentTree ├── on-headers@1.0.1
59 silly currentTree ├── optimist@0.3.7
59 silly currentTree ├── options-stream@0.0.8
59 silly currentTree ├── parseurl@1.3.2
59 silly currentTree ├── path-to-regexp@0.1.7
59 silly currentTree ├── performance-now@2.1.0
59 silly currentTree ├── promise@6.1.0
59 silly currentTree ├── proxy-addr@2.0.4
59 silly currentTree ├── psl@1.1.31
59 silly currentTree ├── punycode@2.1.1
59 silly currentTree ├── qs@6.5.2
59 silly currentTree ├── range-parser@1.2.0
59 silly currentTree ├── raw-body@2.3.3
59 silly currentTree ├── repeat-string@1.6.1
59 silly currentTree ├── request@2.88.0
59 silly currentTree ├── right-align@0.1.3
59 silly currentTree ├── safe-buffer@5.1.2
59 silly currentTree ├── safer-buffer@2.1.2
59 silly currentTree ├── send@0.16.2
59 silly currentTree ├── serve-static@1.13.2
59 silly currentTree ├── setprototypeof@1.1.0
59 silly currentTree ├── sigmund@1.0.1
59 silly currentTree ├── source-map@0.4.4
59 silly currentTree ├── sshpk@1.16.0
59 silly currentTree ├── statuses@1.4.0
59 silly currentTree ├── string-width@2.1.1
59 silly currentTree ├── strip-ansi@4.0.0
59 silly currentTree ├── strip-eof@1.0.0
59 silly currentTree ├─┬ tough-cookie@2.4.3
59 silly currentTree │ └── punycode@1.4.1
59 silly currentTree ├─┬ transformers@2.1.0
59 silly currentTree │ ├── is-promise@1.0.1
59 silly currentTree │ ├── promise@2.0.0
59 silly currentTree │ ├── source-map@0.1.43
59 silly currentTree │ └── uglify-js@2.2.5
59 silly currentTree ├── tunnel-agent@0.6.0
59 silly currentTree ├── tweetnacl@0.14.5
59 silly currentTree ├── type-is@1.6.16
59 silly currentTree ├─┬ uglify-js@2.8.29
59 silly currentTree │ └── source-map@0.5.7
59 silly currentTree ├── uglify-to-browserify@1.0.2
59 silly currentTree ├── underscore.string@2.4.0
59 silly currentTree ├── underscore@1.7.0
59 silly currentTree ├── universalify@0.1.2
59 silly currentTree ├── unpipe@1.0.0
59 silly currentTree ├── uri-js@4.2.2
59 silly currentTree ├── utils-merge@1.0.1
59 silly currentTree ├── uuid@3.3.2
59 silly currentTree ├── vary@1.1.2
59 silly currentTree ├── verror@1.10.0
59 silly currentTree ├── void-elements@2.0.1
59 silly currentTree ├── webhook@0.0.2
59 silly currentTree ├── window-size@0.1.0
59 silly currentTree ├─┬ with@4.0.3
59 silly currentTree │ └── acorn@1.2.2
59 silly currentTree ├── wordwrap@0.0.3
59 silly currentTree ├── yamljs@0.1.6
59 silly currentTree └── yargs@3.10.0
60 silly idealTree web@0.0.0
60 silly idealTree ├── @line/bot-sdk@6.4.0
60 silly idealTree ├── @types/body-parser@1.17.0
60 silly idealTree ├── @types/connect@3.4.32
60 silly idealTree ├── @types/file-type@5.2.2
60 silly idealTree ├── @types/node@7.10.2
60 silly idealTree ├── accepts@1.3.5
60 silly idealTree ├── acorn-globals@1.0.9
60 silly idealTree ├── acorn@2.7.0
60 silly idealTree ├── ajv@6.6.2
60 silly idealTree ├── align-text@0.1.4
60 silly idealTree ├── amdefine@1.0.1
60 silly idealTree ├── ansi-regex@3.0.0
60 silly idealTree ├── argparse@0.1.16
60 silly idealTree ├── array-flatten@1.1.1
60 silly idealTree ├── asap@1.0.0
60 silly idealTree ├── asn1@0.2.4
60 silly idealTree ├── assert-plus@1.0.0
60 silly idealTree ├── asynckit@0.4.0
60 silly idealTree ├── aws-sign2@0.7.0
60 silly idealTree ├── aws4@1.8.0
60 silly idealTree ├── axios@0.16.2
60 silly idealTree ├── basic-auth@2.0.1
60 silly idealTree ├── bcrypt-pbkdf@1.0.2
60 silly idealTree ├── body-parser@1.18.3
60 silly idealTree ├── bytes@3.0.0
60 silly idealTree ├── camelcase@1.2.1
60 silly idealTree ├── caseless@0.12.0
60 silly idealTree ├── center-align@0.1.3
60 silly idealTree ├── character-parser@1.2.1
60 silly idealTree ├─┬ clean-css@3.4.28
60 silly idealTree │ └── commander@2.8.1
60 silly idealTree ├─┬ cliui@2.1.0
60 silly idealTree │ └── wordwrap@0.0.2
60 silly idealTree ├── combined-stream@1.0.7
60 silly idealTree ├── commander@2.6.0
60 silly idealTree ├─┬ connect@3.6.6
60 silly idealTree │ ├── finalhandler@1.1.0
60 silly idealTree │ └── statuses@1.3.1
60 silly idealTree ├── constantinople@3.0.2
60 silly idealTree ├── content-disposition@0.5.2
60 silly idealTree ├── content-type@1.0.4
60 silly idealTree ├── cookie-parser@1.4.3
60 silly idealTree ├── cookie-signature@1.0.6
60 silly idealTree ├── cookie@0.3.1
60 silly idealTree ├── core-util-is@1.0.2
60 silly idealTree ├─┬ cowsay@1.4.0
60 silly idealTree │ └── optimist@0.6.1
60 silly idealTree ├── css-parse@1.0.4
60 silly idealTree ├── css-stringify@1.0.5
60 silly idealTree ├── css@1.0.8
60 silly idealTree ├── dashdash@1.14.1
60 silly idealTree ├── debug@2.6.9
60 silly idealTree ├── decamelize@1.2.0
60 silly idealTree ├── delay@4.1.0
60 silly idealTree ├── delayed-stream@1.0.0
60 silly idealTree ├── depd@1.1.2
60 silly idealTree ├── destroy@1.0.4
60 silly idealTree ├── ecc-jsbn@0.1.2
60 silly idealTree ├── ee-first@1.1.1
60 silly idealTree ├── encodeurl@1.0.2
60 silly idealTree ├── escape-html@1.0.3
60 silly idealTree ├── etag@1.8.1
60 silly idealTree ├── event-pipe@0.0.6
60 silly idealTree ├── express@4.16.4
60 silly idealTree ├── extend@3.0.2
60 silly idealTree ├── extsprintf@1.3.0
60 silly idealTree ├── fast-deep-equal@2.0.1
60 silly idealTree ├── fast-json-stable-stringify@2.0.0
60 silly idealTree ├── file-type@7.7.1
60 silly idealTree ├── finalhandler@1.1.1
60 silly idealTree ├─┬ follow-redirects@1.5.10
60 silly idealTree │ └── debug@3.1.0
60 silly idealTree ├── forever-agent@0.6.1
60 silly idealTree ├── form-data@2.3.3
60 silly idealTree ├── forwarded@0.1.2
60 silly idealTree ├── fresh@0.5.2
60 silly idealTree ├── fs-extra@7.0.1
60 silly idealTree ├── get-stdin@5.0.1
60 silly idealTree ├── getpass@0.1.7
60 silly idealTree ├─┬ glob@3.1.21
60 silly idealTree │ ├── graceful-fs@1.2.3
60 silly idealTree │ └── inherits@1.0.2
60 silly idealTree ├── graceful-fs@4.1.15
60 silly idealTree ├── graceful-readlink@1.0.1
60 silly idealTree ├── har-schema@2.0.0
60 silly idealTree ├── har-validator@5.1.3
60 silly idealTree ├── http-errors@1.6.3
60 silly idealTree ├── http-signature@1.2.0
60 silly idealTree ├── iconv-lite@0.4.23
60 silly idealTree ├── inherits@2.0.3
60 silly idealTree ├── ini@1.3.5
60 silly idealTree ├── ipaddr.js@1.8.0
60 silly idealTree ├── is-buffer@1.1.6
60 silly idealTree ├── is-fullwidth-code-point@2.0.0
60 silly idealTree ├── is-promise@2.1.0
60 silly idealTree ├── is-typedarray@1.0.0
60 silly idealTree ├── isstream@0.1.2
60 silly idealTree ├── jade@1.11.0
60 silly idealTree ├── jsbn@0.1.1
60 silly idealTree ├── json-schema-traverse@0.4.1
60 silly idealTree ├── json-schema@0.2.3
60 silly idealTree ├── json-stringify-safe@5.0.1
60 silly idealTree ├── jsonfile@4.0.0
60 silly idealTree ├── jsprim@1.4.1
60 silly idealTree ├── jstransformer@0.0.2
60 silly idealTree ├── kind-of@3.2.2
60 silly idealTree ├── lazy-cache@1.0.4
60 silly idealTree ├── longest@1.0.1
60 silly idealTree ├── lru-cache@2.7.3
60 silly idealTree ├── media-typer@0.3.0
60 silly idealTree ├── merge-descriptors@1.0.1
60 silly idealTree ├── methods@1.1.2
60 silly idealTree ├── mime-db@1.37.0
60 silly idealTree ├── mime-types@2.1.21
60 silly idealTree ├── mime@1.4.1
60 silly idealTree ├── minimatch@0.2.14
60 silly idealTree ├── minimist@0.0.8
60 silly idealTree ├── mkdirp@0.5.1
60 silly idealTree ├── morgan@1.9.1
60 silly idealTree ├── ms@2.0.0
60 silly idealTree ├── negotiator@0.6.1
60 silly idealTree ├── oauth-sign@0.9.0
60 silly idealTree ├── on-finished@2.3.0
60 silly idealTree ├── on-headers@1.0.1
60 silly idealTree ├── optimist@0.3.7
60 silly idealTree ├── options-stream@0.0.8
60 silly idealTree ├── parseurl@1.3.2
60 silly idealTree ├── path-to-regexp@0.1.7
60 silly idealTree ├── performance-now@2.1.0
60 silly idealTree ├── promise@6.1.0
60 silly idealTree ├── proxy-addr@2.0.4
60 silly idealTree ├── psl@1.1.31
60 silly idealTree ├── punycode@2.1.1
60 silly idealTree ├── qs@6.5.2
60 silly idealTree ├── range-parser@1.2.0
60 silly idealTree ├── raw-body@2.3.3
60 silly idealTree ├── repeat-string@1.6.1
60 silly idealTree ├── request@2.88.0
60 silly idealTree ├── right-align@0.1.3
60 silly idealTree ├── safe-buffer@5.1.2
60 silly idealTree ├── safer-buffer@2.1.2
60 silly idealTree ├── send@0.16.2
60 silly idealTree ├── serve-static@1.13.2
60 silly idealTree ├── setprototypeof@1.1.0
60 silly idealTree ├── sigmund@1.0.1
60 silly idealTree ├── source-map@0.4.4
60 silly idealTree ├── sshpk@1.16.0
60 silly idealTree ├── statuses@1.4.0
60 silly idealTree ├── string-width@2.1.1
60 silly idealTree ├── strip-ansi@4.0.0
60 silly idealTree ├── strip-eof@1.0.0
60 silly idealTree ├─┬ tough-cookie@2.4.3
60 silly idealTree │ └── punycode@1.4.1
60 silly idealTree ├─┬ transformers@2.1.0
60 silly idealTree │ ├── is-promise@1.0.1
60 silly idealTree │ ├── promise@2.0.0
60 silly idealTree │ ├── source-map@0.1.43
60 silly idealTree │ └── uglify-js@2.2.5
60 silly idealTree ├── tunnel-agent@0.6.0
60 silly idealTree ├── tweetnacl@0.14.5
60 silly idealTree ├── type-is@1.6.16
60 silly idealTree ├─┬ uglify-js@2.8.29
60 silly idealTree │ └── source-map@0.5.7
60 silly idealTree ├── uglify-to-browserify@1.0.2
60 silly idealTree ├── underscore.string@2.4.0
60 silly idealTree ├── underscore@1.7.0
60 silly idealTree ├── universalify@0.1.2
60 silly idealTree ├── unpipe@1.0.0
60 silly idealTree ├── uri-js@4.2.2
60 silly idealTree ├── utils-merge@1.0.1
60 silly idealTree ├── uuid@3.3.2
60 silly idealTree ├── vary@1.1.2
60 silly idealTree ├── verror@1.10.0
60 silly idealTree ├── void-elements@2.0.1
60 silly idealTree ├── webhook@0.0.2
60 silly idealTree ├── window-size@0.1.0
60 silly idealTree ├─┬ with@4.0.3
60 silly idealTree │ └── acorn@1.2.2
60 silly idealTree ├── wordwrap@0.0.3
60 silly idealTree ├── yamljs@0.1.6
60 silly idealTree └── yargs@3.10.0
61 silly generateActionsToTake Starting
62 silly install generateActionsToTake
63 silly generateActionsToTake Finishing
64 silly diffTrees action count 3
65 silly diffTrees update cowsay@1.4.0
66 silly diffTrees update delay@4.1.0
67 silly diffTrees update webhook@0.0.2
68 silly decomposeActions action count 24
69 silly decomposeActions fetch cowsay@1.4.0
70 silly decomposeActions extract cowsay@1.4.0
71 silly decomposeActions test cowsay@1.4.0
72 silly decomposeActions preinstall cowsay@1.4.0
73 silly decomposeActions build cowsay@1.4.0
74 silly decomposeActions install cowsay@1.4.0
75 silly decomposeActions postinstall cowsay@1.4.0
76 silly decomposeActions finalize cowsay@1.4.0
77 silly decomposeActions fetch delay@4.1.0
78 silly decomposeActions extract delay@4.1.0
79 silly decomposeActions test delay@4.1.0
80 silly decomposeActions preinstall delay@4.1.0
81 silly decomposeActions build delay@4.1.0
82 silly decomposeActions install delay@4.1.0
83 silly decomposeActions postinstall delay@4.1.0
84 silly decomposeActions finalize delay@4.1.0
85 silly decomposeActions fetch webhook@0.0.2
86 silly decomposeActions extract webhook@0.0.2
87 silly decomposeActions test webhook@0.0.2
88 silly decomposeActions preinstall webhook@0.0.2
89 silly decomposeActions build webhook@0.0.2
90 silly decomposeActions install webhook@0.0.2
91 silly decomposeActions postinstall webhook@0.0.2
92 silly decomposeActions finalize webhook@0.0.2
93 silly executeActions Starting
94 silly install executeActions
95 silly doSerial global-install 0
96 silly doParallel fetch 3
97 verbose lock using /home/flovenna/.npm/_locks/staging-fbb8a6cb029d685e.lock for /home/flovenna/TEST/web/node_modules/.staging
98 silly doParallel extract 3
99 silly extract cowsay@1.4.0
100 silly extract delay@4.1.0
101 silly extract webhook@0.0.2
102 verbose unbuild node_modules/.staging/delay-bb501b54
103 verbose unbuild node_modules/.staging/webhook-401cfd1c
104 verbose unbuild node_modules/.staging/cowsay-75a51d9e
105 silly gentlyRm /home/flovenna/TEST/web/node_modules/.staging/delay-bb501b54 is being purged from base /home/flovenna/TEST/web
106 verbose gentlyRm don't care about contents; nuking /home/flovenna/TEST/web/node_modules/.staging/delay-bb501b54
107 silly gentlyRm /home/flovenna/TEST/web/node_modules/.staging/webhook-401cfd1c is being purged from base /home/flovenna/TEST/web
108 verbose gentlyRm don't care about contents; nuking /home/flovenna/TEST/web/node_modules/.staging/webhook-401cfd1c
109 silly gentlyRm /home/flovenna/TEST/web/node_modules/.staging/cowsay-75a51d9e is being purged from base /home/flovenna/TEST/web
110 verbose gentlyRm don't care about contents; nuking /home/flovenna/TEST/web/node_modules/.staging/cowsay-75a51d9e
111 verbose tar unpack /home/flovenna/.npm/delay/4.1.0/package.tgz
112 verbose tar unpacking to /home/flovenna/TEST/web/node_modules/.staging/delay-bb501b54
113 silly gentlyRm /home/flovenna/TEST/web/node_modules/.staging/delay-bb501b54 is being purged
114 verbose gentlyRm don't care about contents; nuking /home/flovenna/TEST/web/node_modules/.staging/delay-bb501b54
115 verbose tar unpack /home/flovenna/.npm/webhook/0.0.2/package.tgz
116 verbose tar unpacking to /home/flovenna/TEST/web/node_modules/.staging/webhook-401cfd1c
117 silly gentlyRm /home/flovenna/TEST/web/node_modules/.staging/webhook-401cfd1c is being purged
118 verbose gentlyRm don't care about contents; nuking /home/flovenna/TEST/web/node_modules/.staging/webhook-401cfd1c
119 verbose tar unpack /home/flovenna/.npm/cowsay/1.4.0/package.tgz
120 verbose tar unpacking to /home/flovenna/TEST/web/node_modules/.staging/cowsay-75a51d9e
121 silly gentlyRm /home/flovenna/TEST/web/node_modules/.staging/cowsay-75a51d9e is being purged
122 verbose gentlyRm don't care about contents; nuking /home/flovenna/TEST/web/node_modules/.staging/cowsay-75a51d9e
123 silly gunzTarPerm modes [ '755', '644' ]
124 silly gunzTarPerm modes [ '755', '644' ]
125 silly gunzTarPerm modes [ '755', '644' ]
126 silly gunzTarPerm extractEntry package.json
127 silly gunzTarPerm extractEntry package.json
128 silly gunzTarPerm extractEntry package.json
129 silly gunzTarPerm extractEntry index.d.ts
130 silly gunzTarPerm extractEntry index.js
131 silly gunzTarPerm extractEntry cli.js
132 silly gunzTarPerm extractEntry index.js
133 silly gunzTarPerm extractEntry .npmignore
134 silly gunzTarPerm extractEntry README.md
135 silly gunzTarPerm extractEntry license
136 silly gunzTarPerm extractEntry readme.md
137 silly gunzTarPerm extractEntry LICENSE
138 silly gunzTarPerm extractEntry README.md
139 silly gunzTarPerm extractEntry app.js
140 silly gunzTarPerm extractEntry config.js
141 silly gunzTarPerm extractEntry socket.js
142 silly gunzTarPerm extractEntry index.js
143 silly gunzTarPerm extractEntry build/cowsay.es.js
144 silly gunzTarPerm extractEntry build/cowsay.umd.js
145 silly gunzTarPerm extractEntry util.js
146 silly gunzTarPerm extractEntry lib/project.js
147 silly gunzTarPerm extractEntry cows/ackbar.cow
148 silly gunzTarPerm extractEntry cows/aperture-blank.cow
149 silly gunzTarPerm extractEntry Makefile
150 silly gunzTarPerm extractEntry controllers/pack.js
151 silly gunzTarPerm extractEntry cows/aperture.cow
152 silly gunzTarPerm extractEntry cows/armadillo.cow
153 silly gunzTarPerm extractEntry controllers/receiver.js
154 silly gunzTarPerm extractEntry cows/atat.cow
155 silly gunzTarPerm extractEntry cows/atom.cow
156 silly gunzTarPerm extractEntry cows/awesome-face.cow
157 silly gunzTarPerm extractEntry cows/banana.cow
158 silly gunzTarPerm extractEntry cows/bearface.cow
159 silly gunzTarPerm extractEntry controllers/sender.js
160 silly gentlyRm /home/flovenna/TEST/web/node_modules/.staging/delay-bb501b54/node_modules is being purged
161 verbose gentlyRm don't care about contents; nuking /home/flovenna/TEST/web/node_modules/.staging/delay-bb501b54/node_modules
162 silly gunzTarPerm extractEntry cows/beavis.zen.cow
163 silly gunzTarPerm extractEntry cows/bees.cow
164 silly gunzTarPerm extractEntry cows/bill-the-cat.cow
165 silly gunzTarPerm extractEntry cows/biohazard.cow
166 silly gunzTarPerm extractEntry cows/bishop.cow
167 silly gunzTarPerm extractEntry cows/black-mesa.cow
168 silly gunzTarPerm extractEntry cows/bong.cow
169 silly gunzTarPerm extractEntry cows/box.cow
170 silly gunzTarPerm extractEntry cows/broken-heart.cow
171 silly gunzTarPerm extractEntry cows/bud-frogs.cow
172 silly gunzTarPerm extractEntry cows/bunny.cow
173 silly gunzTarPerm extractEntry cows/C3PO.cow
174 silly gunzTarPerm extractEntry cows/cake-with-candles.cow
175 silly gunzTarPerm extractEntry cows/cake.cow
176 silly gunzTarPerm extractEntry cows/cat.cow
177 silly gunzTarPerm extractEntry cows/cat2.cow
178 silly gunzTarPerm extractEntry cows/catfence.cow
179 silly gunzTarPerm extractEntry cows/charizardvice.cow
180 silly gentlyRm /home/flovenna/TEST/web/node_modules/.staging/webhook-401cfd1c/node_modules is being purged
181 verbose gentlyRm don't care about contents; nuking /home/flovenna/TEST/web/node_modules/.staging/webhook-401cfd1c/node_modules
182 silly gunzTarPerm extractEntry cows/charlie.cow
183 silly gunzTarPerm extractEntry cows/cheese.cow
184 silly gunzTarPerm extractEntry cows/chessmen.cow
185 silly gunzTarPerm extractEntry cows/chito.cow
186 silly gunzTarPerm extractEntry cows/claw-arm.cow
187 silly gunzTarPerm extractEntry cows/clippy.cow
188 silly gunzTarPerm extractEntry cows/companion-cube.cow
189 silly gunzTarPerm extractEntry cows/cower.cow
190 silly gunzTarPerm extractEntry cows/cowfee.cow
191 silly gunzTarPerm extractEntry cows/cthulhu-mini.cow
192 silly gunzTarPerm extractEntry cows/cube.cow
193 silly gunzTarPerm extractEntry cows/daemon.cow
194 silly gunzTarPerm extractEntry cows/dalek-shooting.cow
195 silly gunzTarPerm extractEntry cows/dalek.cow
196 silly gunzTarPerm extractEntry cows/default.cow
197 silly gunzTarPerm extractEntry cows/docker-whale.cow
198 silly gunzTarPerm extractEntry cows/doge.cow
199 silly gunzTarPerm extractEntry cows/dolphin.cow
200 silly gunzTarPerm extractEntry cows/dragon-and-cow.cow
201 silly gunzTarPerm extractEntry cows/dragon.cow
202 silly gunzTarPerm extractEntry cows/ebi_furai.cow
203 silly gunzTarPerm extractEntry cows/elephant-in-snake.cow
204 silly gunzTarPerm extractEntry cows/elephant.cow
205 silly gunzTarPerm extractEntry cows/elephant2.cow
206 silly gunzTarPerm extractEntry cows/explosion.cow
207 silly gunzTarPerm extractEntry cows/eyes.cow
208 silly gunzTarPerm extractEntry cows/fat-banana.cow
209 silly gunzTarPerm extractEntry cows/fat-cow.cow
210 silly gunzTarPerm extractEntry cows/fence.cow
211 silly gunzTarPerm extractEntry cows/fire.cow
212 silly gunzTarPerm extractEntry cows/flaming-sheep.cow
213 silly gunzTarPerm extractEntry cows/fox.cow
214 silly gunzTarPerm extractEntry cows/ghost.cow
215 silly gunzTarPerm extractEntry cows/ghostbusters.cow
216 silly gunzTarPerm extractEntry cows/glados.cow
217 silly gunzTarPerm extractEntry cows/goat.cow
218 silly gunzTarPerm extractEntry cows/goat2.cow
219 silly gunzTarPerm extractEntry cows/golden-eagle.cow
220 silly gunzTarPerm extractEntry cows/hand.cow
221 silly gunzTarPerm extractEntry cows/happy-whale.cow
222 silly gunzTarPerm extractEntry cows/hedgehog.cow
223 silly gunzTarPerm extractEntry cows/hellokitty.cow
224 silly gunzTarPerm extractEntry cows/hippie.cow
225 silly gunzTarPerm extractEntry cows/hiya.cow
226 silly gunzTarPerm extractEntry cows/hiyoko.cow
227 silly gunzTarPerm extractEntry cows/homer.cow
228 silly gunzTarPerm extractEntry cows/hypno.cow
229 silly gunzTarPerm extractEntry cows/ibm.cow
230 silly gunzTarPerm extractEntry cows/iwashi.cow
231 silly gunzTarPerm extractEntry cows/jellyfish.cow
232 silly gunzTarPerm extractEntry cows/karl_marx.cow
233 silly gunzTarPerm extractEntry cows/kilroy.cow
234 silly gunzTarPerm extractEntry cows/king.cow
235 silly gunzTarPerm extractEntry cows/kiss.cow
236 silly gunzTarPerm extractEntry cows/kitten.cow
237 silly gunzTarPerm extractEntry cows/kitty.cow
238 silly gunzTarPerm extractEntry cows/knight.cow
239 silly gunzTarPerm extractEntry cows/koala.cow
240 silly gunzTarPerm extractEntry cows/kosh.cow
241 silly gunzTarPerm extractEntry cows/lamb.cow
242 silly gunzTarPerm extractEntry cows/lamb2.cow
243 silly gunzTarPerm extractEntry cows/lightbulb.cow
244 silly gunzTarPerm extractEntry cows/lobster.cow
245 silly gunzTarPerm extractEntry cows/lollerskates.cow
246 silly gunzTarPerm extractEntry cows/luke-koala.cow
247 silly gunzTarPerm extractEntry cows/mailchimp.cow
248 silly gunzTarPerm extractEntry cows/maze-runner.cow
249 silly gunzTarPerm extractEntry cows/mech-and-cow.cow
250 silly gunzTarPerm extractEntry cows/meow.cow
251 silly gunzTarPerm extractEntry cows/milk.cow
252 silly gunzTarPerm extractEntry cows/minotaur.cow
253 silly gunzTarPerm extractEntry cows/mona-lisa.cow
254 silly gunzTarPerm extractEntry cows/moofasa.cow
255 silly gunzTarPerm extractEntry cows/mooghidjirah.cow
256 silly gunzTarPerm extractEntry cows/moojira.cow
257 silly gunzTarPerm extractEntry cows/moose.cow
258 silly gunzTarPerm extractEntry cows/mule.cow
259 silly gunzTarPerm extractEntry cows/mutilated.cow
260 silly gunzTarPerm extractEntry cows/nyan.cow
261 silly gunzTarPerm extractEntry cows/octopus.cow
262 silly gunzTarPerm extractEntry cows/okazu.cow
263 silly gunzTarPerm extractEntry cows/owl.cow
264 silly gunzTarPerm extractEntry cows/pawn.cow
265 silly gunzTarPerm extractEntry cows/periodic-table.cow
266 silly gunzTarPerm extractEntry cows/personality-sphere.cow
267 silly gunzTarPerm extractEntry cows/pinball-machine.cow
268 silly gunzTarPerm extractEntry cows/psychiatrichelp.cow
269 silly gunzTarPerm extractEntry cows/psychiatrichelp2.cow
270 silly gunzTarPerm extractEntry cows/pterodactyl.cow
271 silly gunzTarPerm extractEntry cows/queen.cow
272 silly gunzTarPerm extractEntry cows/R2-D2.cow
273 silly gunzTarPerm extractEntry cows/radio.cow
274 silly gunzTarPerm extractEntry cows/ren.cow
275 silly gunzTarPerm extractEntry cows/renge.cow
276 silly gunzTarPerm extractEntry cows/robot.cow
277 silly gunzTarPerm extractEntry cows/robotfindskitten.cow
278 silly gunzTarPerm extractEntry cows/roflcopter.cow
279 silly gunzTarPerm extractEntry cows/rook.cow
280 silly gunzTarPerm extractEntry cows/sachiko.cow
281 silly gunzTarPerm extractEntry cows/satanic.cow
282 silly gunzTarPerm extractEntry cows/seahorse-big.cow
283 silly gunzTarPerm extractEntry cows/seahorse.cow
284 silly gunzTarPerm extractEntry cows/sheep.cow
285 silly gunzTarPerm extractEntry cows/shikato.cow
286 silly gunzTarPerm extractEntry cows/shrug.cow
287 silly gunzTarPerm extractEntry cows/skeleton.cow
288 silly gunzTarPerm extractEntry cows/small.cow
289 silly gunzTarPerm extractEntry cows/smiling-octopus.cow
290 silly gunzTarPerm extractEntry cows/snoopy.cow
291 silly gunzTarPerm extractEntry cows/snoopyhouse.cow
292 silly gunzTarPerm extractEntry cows/snoopysleep.cow
293 silly gunzTarPerm extractEntry cows/spidercow.cow
294 silly gunzTarPerm extractEntry cows/squid.cow
295 silly gunzTarPerm extractEntry cows/squirrel.cow
296 silly gunzTarPerm extractEntry cows/stegosaurus.cow
297 silly gunzTarPerm extractEntry cows/stimpy.cow
298 silly gunzTarPerm extractEntry cows/sudowoodo.cow
299 silly gunzTarPerm extractEntry cows/supermilker.cow
300 silly gunzTarPerm extractEntry cows/surgery.cow
301 silly gunzTarPerm extractEntry cows/tableflip.cow
302 silly gunzTarPerm extractEntry cows/taxi.cow
303 silly gunzTarPerm extractEntry cows/telebears.cow
304 silly gunzTarPerm extractEntry cows/template.cow
305 silly gunzTarPerm extractEntry cows/threader.cow
306 silly gunzTarPerm extractEntry cows/threecubes.cow
307 silly gunzTarPerm extractEntry cows/toaster.cow
308 silly gunzTarPerm extractEntry cows/tortoise.cow
309 silly gunzTarPerm extractEntry cows/turkey.cow
310 silly gunzTarPerm extractEntry cows/turtle.cow
311 silly gunzTarPerm extractEntry cows/tux-big.cow
312 silly gunzTarPerm extractEntry cows/tux.cow
313 silly gunzTarPerm extractEntry cows/tweety-bird.cow
314 silly gunzTarPerm extractEntry cows/USA.cow
315 silly gunzTarPerm extractEntry cows/vader-koala.cow
316 silly gunzTarPerm extractEntry cows/vader.cow
317 silly gunzTarPerm extractEntry cows/weeping-angel.cow
318 silly gunzTarPerm extractEntry cows/whale.cow
319 silly gunzTarPerm extractEntry cows/wizard.cow
320 silly gunzTarPerm extractEntry cows/wood.cow
321 silly gunzTarPerm extractEntry cows/world.cow
322 silly gunzTarPerm extractEntry cows/www.cow
323 silly gunzTarPerm extractEntry cows/yasuna_01.cow
324 silly gunzTarPerm extractEntry cows/yasuna_02.cow
325 silly gunzTarPerm extractEntry cows/yasuna_03.cow
326 silly gunzTarPerm extractEntry cows/yasuna_03a.cow
327 silly gunzTarPerm extractEntry cows/yasuna_04.cow
328 silly gunzTarPerm extractEntry cows/yasuna_05.cow
329 silly gunzTarPerm extractEntry cows/yasuna_06.cow
330 silly gunzTarPerm extractEntry cows/yasuna_07.cow
331 silly gunzTarPerm extractEntry cows/yasuna_08.cow
332 silly gunzTarPerm extractEntry cows/yasuna_09.cow
333 silly gunzTarPerm extractEntry cows/yasuna_10.cow
334 silly gunzTarPerm extractEntry cows/yasuna_11.cow
335 silly gunzTarPerm extractEntry cows/yasuna_12.cow
336 silly gunzTarPerm extractEntry cows/yasuna_13.cow
337 silly gunzTarPerm extractEntry cows/yasuna_14.cow
338 silly gunzTarPerm extractEntry cows/yasuna_16.cow
339 silly gunzTarPerm extractEntry cows/yasuna_17.cow
340 silly gunzTarPerm extractEntry cows/yasuna_18.cow
341 silly gunzTarPerm extractEntry cows/yasuna_19.cow
342 silly gunzTarPerm extractEntry cows/yasuna_20.cow
343 silly gunzTarPerm extractEntry cows/ymd_udon.cow
344 silly gunzTarPerm extractEntry cows/zen-noh-milk.cow
345 silly gunzTarPerm extractEntry lib/balloon.js
346 silly gunzTarPerm extractEntry lib/cows.js
347 silly gunzTarPerm extractEntry lib/faces.js
348 silly gunzTarPerm extractEntry lib/replacer.js
349 silly gentlyRm /home/flovenna/TEST/web/node_modules/.staging/cowsay-75a51d9e/node_modules is being purged
350 verbose gentlyRm don't care about contents; nuking /home/flovenna/TEST/web/node_modules/.staging/cowsay-75a51d9e/node_modules
351 silly doParallel preinstall 3
352 silly preinstall cowsay@1.4.0 /home/flovenna/TEST/web/node_modules/.staging/cowsay-75a51d9e
353 info lifecycle cowsay@1.4.0~preinstall: cowsay@1.4.0
354 silly preinstall delay@4.1.0 /home/flovenna/TEST/web/node_modules/.staging/delay-bb501b54
355 info lifecycle delay@4.1.0~preinstall: delay@4.1.0
356 silly preinstall webhook@0.0.2 /home/flovenna/TEST/web/node_modules/.staging/webhook-401cfd1c
357 info lifecycle webhook@0.0.2~preinstall: webhook@0.0.2
358 silly lifecycle cowsay@1.4.0~preinstall: no script for preinstall, continuing
359 silly lifecycle delay@4.1.0~preinstall: no script for preinstall, continuing
360 silly lifecycle webhook@0.0.2~preinstall: no script for preinstall, continuing
361 silly doReverseSerial remove 0
362 silly doSerial move 0
363 silly doSerial finalize 3
364 silly finalize /home/flovenna/TEST/web/node_modules/cowsay
365 verbose unlock done using /home/flovenna/.npm/_locks/staging-fbb8a6cb029d685e.lock for /home/flovenna/TEST/web/node_modules/.staging
366 silly rollbackFailedOptional Starting
367 silly rollbackFailedOptional Finishing
368 silly runTopLevelLifecycles Starting
369 silly runTopLevelLifecycles Finishing
370 silly install printInstalled
371 verbose stack Error: EACCES: permission denied, rename '/home/flovenna/TEST/web/node_modules/.cowsay.DELETE/node_modules/optimist' -> '/home/flovenna/TEST/web/node_modules/cowsay/node_modules/optimist'
371 verbose stack     at /usr/share/npm/lib/install/action/finalize.js:64:7
371 verbose stack     at /usr/share/npm/node_modules/slide/lib/async-map.js:52:35
371 verbose stack     at Array.forEach (<anonymous>)
371 verbose stack     at /usr/share/npm/node_modules/slide/lib/async-map.js:52:11
371 verbose stack     at Array.forEach (<anonymous>)
371 verbose stack     at asyncMap (/usr/share/npm/node_modules/slide/lib/async-map.js:51:8)
371 verbose stack     at moveModules (/usr/share/npm/lib/install/action/finalize.js:61:5)
371 verbose stack     at /usr/share/npm/lib/install/action/finalize.js:56:70
371 verbose stack     at /usr/share/npm/node_modules/mkdirp/index.js:30:20
371 verbose stack     at FSReqWrap.oncomplete (fs.js:135:15)
371 verbose stack
371 verbose stack Error: EACCES: permission denied, rename '/home/flovenna/TEST/web/node_modules/.cowsay.DELETE/node_modules/optimist' -> '/home/flovenna/TEST/web/node_modules/cowsay/node_modules/optimist'
372 verbose cwd /home/flovenna/TEST/web
373 error Linux 4.15.0-43-generic
374 error argv "/usr/bin/node" "/usr/bin/npm" "i" "delay"
375 error node v8.10.0
376 error npm  v3.5.2
377 error path /home/flovenna/TEST/web/node_modules/.cowsay.DELETE/node_modules/optimist
378 error code EACCES
379 error errno -13
380 error syscall rename
381 error Error: EACCES: permission denied, rename '/home/flovenna/TEST/web/node_modules/.cowsay.DELETE/node_modules/optimist' -> '/home/flovenna/TEST/web/node_modules/cowsay/node_modules/optimist'
381 error     at /usr/share/npm/lib/install/action/finalize.js:64:7
381 error     at /usr/share/npm/node_modules/slide/lib/async-map.js:52:35
381 error     at Array.forEach (<anonymous>)
381 error     at /usr/share/npm/node_modules/slide/lib/async-map.js:52:11
381 error     at Array.forEach (<anonymous>)
381 error     at asyncMap (/usr/share/npm/node_modules/slide/lib/async-map.js:51:8)
381 error     at moveModules (/usr/share/npm/lib/install/action/finalize.js:61:5)
381 error     at /usr/share/npm/lib/install/action/finalize.js:56:70
381 error     at /usr/share/npm/node_modules/mkdirp/index.js:30:20
381 error     at FSReqWrap.oncomplete (fs.js:135:15)
381 error
381 error Error: EACCES: permission denied, rename '/home/flovenna/TEST/web/node_modules/.cowsay.DELETE/node_modules/optimist' -> '/home/flovenna/TEST/web/node_modules/cowsay/node_modules/optimist'
381 error  { Error: EACCES: permission denied, rename '/home/flovenna/TEST/web/node_modules/.cowsay.DELETE/node_modules/optimist' -> '/home/flovenna/TEST/web/node_modules/cowsay/node_modules/optimist'
381 error     at /usr/share/npm/lib/install/action/finalize.js:64:7
381 error     at /usr/share/npm/node_modules/slide/lib/async-map.js:52:35
381 error     at Array.forEach (<anonymous>)
381 error     at /usr/share/npm/node_modules/slide/lib/async-map.js:52:11
381 error     at Array.forEach (<anonymous>)
381 error     at asyncMap (/usr/share/npm/node_modules/slide/lib/async-map.js:51:8)
381 error     at moveModules (/usr/share/npm/lib/install/action/finalize.js:61:5)
381 error     at /usr/share/npm/lib/install/action/finalize.js:56:70
381 error     at /usr/share/npm/node_modules/mkdirp/index.js:30:20
381 error     at FSReqWrap.oncomplete (fs.js:135:15)
381 error
381 error Error: EACCES: permission denied, rename '/home/flovenna/TEST/web/node_modules/.cowsay.DELETE/node_modules/optimist' -> '/home/flovenna/TEST/web/node_modules/cowsay/node_modules/optimist' parent: 'web' }
382 error Please try running this command again as root/Administrator.
383 verbose exit [ -13, true ]
